FT2232H connected.
Device ID: 0x15
FLOWTHRU:  0xA5 OK

============================================================
SELECTIVE ERASE TEST: ARCHBE — Architecture array (ORP/IO config + global)
============================================================

  Step 1: Bulk erase (UBE)...
  Step 2: Writing pattern to all 102 rows...
  Step 2b: Spot-check writes...
    Row 0: H=0x0000000000 L=0x0000000000 OK
    Row 50 (arch): H=0x2018060180 L=0x2018060180
    Row 101: H=0x0000000000 L=0x0000000000 OK

  Step 3: ARCHBE selective erase...
  Selective erase: ARCHBE...
  Selective erase ARCHBE done.
  Step 4: Reading all 102 rows...
    Row  43: H=0x2018060180 L=0x2018060180 (fuse_h=0x0000000000 fuse_l=0x0000000000)
    Row  44: H=0x2018060180 L=0x2018060180 (fuse_h=0x0000000000 fuse_l=0x0000000000)
    Row  45: H=0x2018060180 L=0x2018060180 (fuse_h=0x0000000000 fuse_l=0x0000000000)
    Row  46: H=0x2018060180 L=0x2018060180 (fuse_h=0x0000000000 fuse_l=0x0000000000)
    Row  47: H=0x2018060180 L=0x2018060180 (fuse_h=0x0000000000 fuse_l=0x0000000000)
    Row  48: H=0x2018060180 L=0x2018060180 (fuse_h=0x0000000000 fuse_l=0x0000000000)
    Row  49: H=0x2018060180 L=0x2018060180 (fuse_h=0x0000000000 fuse_l=0x0000000000)
    Row  50: H=0x2018060180 L=0x2018060180 (fuse_h=0x0000000000 fuse_l=0x0000000000)
    Row  51: H=0x2018060180 L=0x2018060180 (fuse_h=0x0000000000 fuse_l=0x0000000000)
    Row  52: H=0x2018060180 L=0x2018060180 (fuse_h=0x0000000000 fuse_l=0x0000000000)
    Row  53: H=0x2018060180 L=0x2018060180 (fuse_h=0x0000000000 fuse_l=0x0000000000)
    Row  54: H=0x2018060180 L=0x2018060180 (fuse_h=0x0000000000 fuse_l=0x0000000000)
    Row  55: H=0x2018060180 L=0x2018060180 (fuse_h=0x0000000000 fuse_l=0x0000000000)
    Row  56: H=0x0018060180 L=0x2018060180 (fuse_h=0x0000000000 fuse_l=0x0000000000)
    Row  57: H=0x2018060180 L=0x2018060180 (fuse_h=0x0000000000 fuse_l=0x0000000000)
    Row  58: H=0x2018060180 L=0x2018060180 (fuse_h=0x0000000000 fuse_l=0x0000000000)

  Results for ARCHBE:
    Erased (affected):     14 rows: [0, 1, 2, 3, 4, 5, 6, 95, 96, 97, 98, 99, 100, 101]
    Programmed (untouched): 88 rows
    Partial/unclear:       0 rows: []
    Extra erased (not expected): [0, 1, 3, 4, 5, 6, 95, 96, 97, 98, 100, 101]
    Missing (expected erased):   [43, 44, 45, 46, 47, 48, 49, 50, 51, 52, 53, 54, 55, 56, 57, 58]

============================================================
SELECTIVE ERASE TEST: GRPBE — Global Routing Pool array
============================================================

  Step 1: Bulk erase (UBE)...
  Step 2: Writing pattern to all 102 rows...
  Step 2b: Spot-check writes...
    Row 0: H=0x0000000000 L=0x0000000000 OK
    Row 50 (arch): H=0x2018060180 L=0x2018060180
    Row 101: H=0x3FFFFFFFFF L=0x3FFFFFFFFF MISMATCH

  Step 3: GRPBE selective erase...
  Selective erase: GRPBE...
  Selective erase GRPBE done.
  Step 4: Reading all 102 rows...
    Row   2: H=0x2018060180 L=0x2018060180 (fuse_h=0x0000000000 fuse_l=0x0000000000)
    Row  66: H=0x0000000000 L=0x3FFFFFFFFF (fuse_h=0x0000000000 fuse_l=0x1FE7F9FE7F)
    Row  81: H=0x0000000000 L=0x3FFFFFFFFF (fuse_h=0x0000000000 fuse_l=0x1FE7F9FE7F)
    Row  84: H=0x0000000000 L=0x3FFFFFFFFF (fuse_h=0x0000000000 fuse_l=0x1FE7F9FE7F)
    Row  94: H=0x0000000000 L=0x3FFFFFFFFF (fuse_h=0x0000000000 fuse_l=0x1FE7F9FE7F)
    Row  96: H=0x0000000000 L=0x3FFFFFFFFF (fuse_h=0x0000000000 fuse_l=0x1FE7F9FE7F)
    Row  99: H=0x2018060180 L=0x2018060180 (fuse_h=0x0000000000 fuse_l=0x0000000000)
    Row 100: H=0x0000000000 L=0x3FFFFFFFFF (fuse_h=0x0000000000 fuse_l=0x1FE7F9FE7F)

  Results for GRPBE:
    Erased (affected):     21 rows: [43, 44, 45, 46, 47, 48, 49, 50, 51, 52, 53, 54, 55, 56, 57, 58, 67, 76, 85, 97, 101]
    Programmed (untouched): 75 rows
    Partial/unclear:       6 rows: [66, 81, 84, 94, 96, 100]

============================================================
SELECTIVE ERASE TEST: GLBBE — Generic Logic Block array
============================================================

  Step 1: Bulk erase (UBE)...
  Step 2: Writing pattern to all 102 rows...
  Step 2b: Spot-check writes...
    Row 0: H=0x0000000000 L=0x0000000000 OK
    Row 50 (arch): H=0x0000000000 L=0x0000000000
    Row 101: H=0x0000000000 L=0x0000000000 OK

  Step 3: GLBBE selective erase...
  Selective erase: GLBBE...
  Selective erase GLBBE done.
  Step 4: Reading all 102 rows...
    Row   3: H=0xFFFFFFFFFF L=0xFFFFFFFFFF (fuse_h=0x1FE7F9FE7F fuse_l=0x1FE7F9FE7F)
    Row   4: H=0xFFFFFFFFFF L=0xFFFFFFFFFF (fuse_h=0x1FE7F9FE7F fuse_l=0x1FE7F9FE7F)
    Row   5: H=0xFFFFFFFFFF L=0xFFFFFFFFFF (fuse_h=0x1FE7F9FE7F fuse_l=0x1FE7F9FE7F)
    Row   6: H=0xFFFFFFFFFF L=0xFFFFFFFFFF (fuse_h=0x1FE7F9FE7F fuse_l=0x1FE7F9FE7F)
    Row   7: H=0xFFFFFFFFFF L=0xFFFFFFFFFF (fuse_h=0x1FE7F9FE7F fuse_l=0x1FE7F9FE7F)
    Row   8: H=0xFFFFFFFFFF L=0xFFFFFFFFFF (fuse_h=0x1FE7F9FE7F fuse_l=0x1FE7F9FE7F)
    Row   9: H=0xFFFFFFFFFF L=0xFFFFFFFFFF (fuse_h=0x1FE7F9FE7F fuse_l=0x1FE7F9FE7F)
    Row  10: H=0xFFFFFFFFFF L=0xFFFFFFFFFF (fuse_h=0x1FE7F9FE7F fuse_l=0x1FE7F9FE7F)
    Row  11: H=0xFFFFFFFFFF L=0xFFFFFFFFFF (fuse_h=0x1FE7F9FE7F fuse_l=0x1FE7F9FE7F)
    Row  12: H=0xFFFFFFFFFF L=0xFFFFFFFFFF (fuse_h=0x1FE7F9FE7F fuse_l=0x1FE7F9FE7F)
    Row  13: H=0xFFFFFFFFFF L=0xFFFFFFFFFF (fuse_h=0x1FE7F9FE7F fuse_l=0x1FE7F9FE7F)
    Row  14: H=0xFFFFFFFFFF L=0xFFFFFFFFFF (fuse_h=0x1FE7F9FE7F fuse_l=0x1FE7F9FE7F)
    Row  15: H=0xFFFFFFFFFF L=0xFFFFFFFFFF (fuse_h=0x1FE7F9FE7F fuse_l=0x1FE7F9FE7F)
    Row  16: H=0xFFFFFFFFFF L=0xFFFFFFFFFF (fuse_h=0x1FE7F9FE7F fuse_l=0x1FE7F9FE7F)
    Row  17: H=0xFFFFFFFFFF L=0xFFFFFFFFFF (fuse_h=0x1FE7F9FE7F fuse_l=0x1FE7F9FE7F)
    Row  18: H=0xFFFFFFFFFF L=0xFFFFFFFFFF (fuse_h=0x1FE7F9FE7F fuse_l=0x1FE7F9FE7F)
    Row  19: H=0xFFFFFFFFFF L=0xFFFFFFFFFF (fuse_h=0x1FE7F9FE7F fuse_l=0x1FE7F9FE7F)
    Row  20: H=0xFFFFFFFFFF L=0xFFFFFFFFFF (fuse_h=0x1FE7F9FE7F fuse_l=0x1FE7F9FE7F)
    Row  21: H=0xFFFFFFFFFF L=0xFFFFFFFFFF (fuse_h=0x1FE7F9FE7F fuse_l=0x1FE7F9FE7F)
    Row  22: H=0xFFFFFFFFFF L=0xFFFFFFFFFF (fuse_h=0x1FE7F9FE7F fuse_l=0x1FE7F9FE7F)
    Row  23: H=0xFFFFFFFFFF L=0xFFFFFFFFFF (fuse_h=0x1FE7F9FE7F fuse_l=0x1FE7F9FE7F)
    Row  24: H=0xFFFFFFFFFF L=0xFFFFFFFFFF (fuse_h=0x1FE7F9FE7F fuse_l=0x1FE7F9FE7F)
    Row  25: H=0xFFFFFFFFFF L=0xFFFFFFFFFF (fuse_h=0x1FE7F9FE7F fuse_l=0x1FE7F9FE7F)
    Row  26: H=0xFFFFFFFFFF L=0xFFFFFFFFFF (fuse_h=0x1FE7F9FE7F fuse_l=0x1FE7F9FE7F)
    Row  27: H=0xFFFFFFFFFF L=0xFFFFFFFFFF (fuse_h=0x1FE7F9FE7F fuse_l=0x1FE7F9FE7F)
    Row  28: H=0xFFFFFFFFFF L=0xFFFFFFFFFF (fuse_h=0x1FE7F9FE7F fuse_l=0x1FE7F9FE7F)
    Row  29: H=0xFFFFFFFFFF L=0xFFFFFFFFFF (fuse_h=0x1FE7F9FE7F fuse_l=0x1FE7F9FE7F)
    Row  30: H=0xFFFFFFFFFF L=0xFFFFFFFFFF (fuse_h=0x1FE7F9FE7F fuse_l=0x1FE7F9FE7F)
    Row  31: H=0xFFFFFFFFFF L=0xFFFFFFFFFF (fuse_h=0x1FE7F9FE7F fuse_l=0x1FE7F9FE7F)
    Row  32: H=0xFFFFFFFFFF L=0xFFFFFFFFFF (fuse_h=0x1FE7F9FE7F fuse_l=0x1FE7F9FE7F)
    Row  33: H=0xFFFFFFFFFF L=0xFFFFFFFFFF (fuse_h=0x1FE7F9FE7F fuse_l=0x1FE7F9FE7F)
    Row  34: H=0xFFFFFFFFFF L=0xFFFFFFFFFF (fuse_h=0x1FE7F9FE7F fuse_l=0x1FE7F9FE7F)
    Row  35: H=0xFFFFFFFFFF L=0xFFFFFFFFFF (fuse_h=0x1FE7F9FE7F fuse_l=0x1FE7F9FE7F)
    Row  36: H=0xFFFFFFFFFF L=0xFFFFFFFFFF (fuse_h=0x1FE7F9FE7F fuse_l=0x1FE7F9FE7F)
    Row  37: H=0xFFFFFFFFFF L=0xFFFFFFFFFF (fuse_h=0x1FE7F9FE7F fuse_l=0x1FE7F9FE7F)
    Row  38: H=0xFFFFFFFFFF L=0xFFFFFFFFFF (fuse_h=0x1FE7F9FE7F fuse_l=0x1FE7F9FE7F)
    Row  39: H=0xFFFFFFFFFF L=0xFFFFFFFFFF (fuse_h=0x1FE7F9FE7F fuse_l=0x1FE7F9FE7F)
    Row  40: H=0xFFFFFFFFFF L=0xFFFFFFFFFF (fuse_h=0x1FE7F9FE7F fuse_l=0x1FE7F9FE7F)
    Row  41: H=0xFFFFFFFFFF L=0xFFFFFFFFFF (fuse_h=0x1FE7F9FE7F fuse_l=0x1FE7F9FE7F)
    Row  42: H=0xFFFFFFFFFF L=0xFFFFFFFFFF (fuse_h=0x1FE7F9FE7F fuse_l=0x1FE7F9FE7F)
    Row  43: H=0xFFFFFFFFFF L=0xFFFFFFFFFF (fuse_h=0x1FE7F9FE7F fuse_l=0x1FE7F9FE7F)
    Row  44: H=0xFFFFFFFFFF L=0xFFFFFFFFFF (fuse_h=0x1FE7F9FE7F fuse_l=0x1FE7F9FE7F)
    Row  45: H=0xFFFFFFFFFF L=0xFFFFFFFFFF (fuse_h=0x1FE7F9FE7F fuse_l=0x1FE7F9FE7F)
    Row  46: H=0xFFFFFFFFFF L=0xFFFFFFFFFF (fuse_h=0x1FE7F9FE7F fuse_l=0x1FE7F9FE7F)
    Row  47: H=0xFFFFFFFFFF L=0xFFFFFFFFFF (fuse_h=0x1FE7F9FE7F fuse_l=0x1FE7F9FE7F)
    Row  48: H=0xFFFFFFFFFF L=0xFFFFFFFFFF (fuse_h=0x1FE7F9FE7F fuse_l=0x1FE7F9FE7F)
    Row  49: H=0xFFFFFFFFFF L=0xFFFFFFFFFF (fuse_h=0x1FE7F9FE7F fuse_l=0x1FE7F9FE7F)
    Row  50: H=0xFFFFFFFFFF L=0xFFFFFFFFFF (fuse_h=0x1FE7F9FE7F fuse_l=0x1FE7F9FE7F)
    Row  51: H=0xFFFFFFFFFF L=0x0000000000 (fuse_h=0x1FE7F9FE7F fuse_l=0x0000000000)
    Row  66: H=0x0000000000 L=0xFFFFFFFFFF (fuse_h=0x0000000000 fuse_l=0x1FE7F9FE7F)
    Row  67: H=0xFFFFFFFFFF L=0xFFFFFFFFFF (fuse_h=0x1FE7F9FE7F fuse_l=0x1FE7F9FE7F)
    Row  68: H=0xFFFFFFFFFF L=0xFFFFFFFFFF (fuse_h=0x1FE7F9FE7F fuse_l=0x1FE7F9FE7F)
    Row  69: H=0xFFFFFFFFFF L=0xFFFFFFFFFF (fuse_h=0x1FE7F9FE7F fuse_l=0x1FE7F9FE7F)
    Row  70: H=0xFFFFFFFFFF L=0xFFFFFFFFFF (fuse_h=0x1FE7F9FE7F fuse_l=0x1FE7F9FE7F)
    Row  71: H=0xFFFFFFFFFF L=0xFFFFFFFFFF (fuse_h=0x1FE7F9FE7F fuse_l=0x1FE7F9FE7F)
    Row  72: H=0xFFFFFFFFFF L=0xFFFFFFFFFF (fuse_h=0x1FE7F9FE7F fuse_l=0x1FE7F9FE7F)
    Row  73: H=0xFFFFFFFFFF L=0xFFFFFFFFFF (fuse_h=0x1FE7F9FE7F fuse_l=0x1FE7F9FE7F)
    Row  74: H=0xFFFFFFFFFF L=0xFFFFFFFFFF (fuse_h=0x1FE7F9FE7F fuse_l=0x1FE7F9FE7F)
    Row  75: H=0xFFFFFFFFFF L=0xFFFFFFFFFF (fuse_h=0x1FE7F9FE7F fuse_l=0x1FE7F9FE7F)
    Row  76: H=0xFFFFFFFFFF L=0xFFFFFFFFFF (fuse_h=0x1FE7F9FE7F fuse_l=0x1FE7F9FE7F)
    Row  77: H=0xFFFFFFFFFF L=0xFFFFFFFFFF (fuse_h=0x1FE7F9FE7F fuse_l=0x1FE7F9FE7F)
    Row  78: H=0xFFFFFFFFFF L=0xFFFFFFFFFF (fuse_h=0x1FE7F9FE7F fuse_l=0x1FE7F9FE7F)
    Row  79: H=0xFFFFFFFFFF L=0xFFFFFFFFFF (fuse_h=0x1FE7F9FE7F fuse_l=0x1FE7F9FE7F)
    Row  80: H=0xFFFFFFFFFF L=0xFFFFFFFFFF (fuse_h=0x1FE7F9FE7F fuse_l=0x1FE7F9FE7F)
    Row  81: H=0xFFFFFFFFFF L=0xFFFFFFFFFF (fuse_h=0x1FE7F9FE7F fuse_l=0x1FE7F9FE7F)
    Row  82: H=0xFFFFFFFFFF L=0xFFFFFFFFFF (fuse_h=0x1FE7F9FE7F fuse_l=0x1FE7F9FE7F)
    Row  83: H=0xFFFFFFFFFF L=0xFFFFFFFFFF (fuse_h=0x1FE7F9FE7F fuse_l=0x1FE7F9FE7F)
    Row  84: H=0xFFFFFFFFFF L=0xFFFFFFFFFF (fuse_h=0x1FE7F9FE7F fuse_l=0x1FE7F9FE7F)
    Row  85: H=0xFFFFFFFFFF L=0xFFFFFFFFFF (fuse_h=0x1FE7F9FE7F fuse_l=0x1FE7F9FE7F)
    Row  86: H=0xFFFFFFFFFF L=0xFFFFFFFFFF (fuse_h=0x1FE7F9FE7F fuse_l=0x1FE7F9FE7F)
    Row  87: H=0xFFFFFFFFFF L=0xFFFFFFFFFF (fuse_h=0x1FE7F9FE7F fuse_l=0x1FE7F9FE7F)
    Row  88: H=0xFFFFFFFFFF L=0xFFFFFFFFFF (fuse_h=0x1FE7F9FE7F fuse_l=0x1FE7F9FE7F)
    Row  89: H=0xFFFFFFFFFF L=0xFFFFFFFFFF (fuse_h=0x1FE7F9FE7F fuse_l=0x1FE7F9FE7F)
    Row  90: H=0xFFFFFFFFFF L=0xFFFFFFFFFF (fuse_h=0x1FE7F9FE7F fuse_l=0x1FE7F9FE7F)
    Row  91: H=0xFFFFFFFFFF L=0xFFFFFFFFFF (fuse_h=0x1FE7F9FE7F fuse_l=0x1FE7F9FE7F)
    Row  92: H=0xFFFFFFFFFF L=0xFFFFFFFFFF (fuse_h=0x1FE7F9FE7F fuse_l=0x1FE7F9FE7F)
    Row  93: H=0xFFFFFFFFFF L=0xFFFFFFFFFF (fuse_h=0x1FE7F9FE7F fuse_l=0x1FE7F9FE7F)
    Row  94: H=0xFFFFFFFFFF L=0xFFFFFFFFFF (fuse_h=0x1FE7F9FE7F fuse_l=0x1FE7F9FE7F)
    Row  95: H=0xFFFFFFFFFF L=0xFFFFFFFFFF (fuse_h=0x1FE7F9FE7F fuse_l=0x1FE7F9FE7F)
    Row  96: H=0xFFFFFFFFFF L=0xFFFFFFFFFF (fuse_h=0x1FE7F9FE7F fuse_l=0x1FE7F9FE7F)
    Row  97: H=0xFFFFFFFFFF L=0xFFFFFFFFFF (fuse_h=0x1FE7F9FE7F fuse_l=0x1FE7F9FE7F)
    Row  98: H=0xFFFFFFFFFF L=0xFFFFFFFFFF (fuse_h=0x1FE7F9FE7F fuse_l=0x1FE7F9FE7F)
    Row  99: H=0xFFFFFFFFFF L=0xFFFFFFFFFF (fuse_h=0x1FE7F9FE7F fuse_l=0x1FE7F9FE7F)
    Row 100: H=0xFFFFFFFFFF L=0xFFFFFFFFFF (fuse_h=0x1FE7F9FE7F fuse_l=0x1FE7F9FE7F)
    Row 101: H=0xFFFFFFFFFF L=0xFFFFFFFFFF (fuse_h=0x1FE7F9FE7F fuse_l=0x1FE7F9FE7F)

  Results for GLBBE:
    Erased (affected):     83 rows: [3, 4, 5, 6, 7, 8, 9, 10, 11, 12, 13, 14, 15, 16, 17, 18, 19, 20, 21, 22, 23, 24, 25, 26, 27, 28, 29, 30, 31, 32, 33, 34, 35, 36, 37, 38, 39, 40, 41, 42, 43, 44, 45, 46, 47, 48, 49, 50, 67, 68, 69, 70, 71, 72, 73, 74, 75, 76, 77, 78, 79, 80, 81, 82, 83, 84, 85, 86, 87, 88, 89, 90, 91, 92, 93, 94, 95, 96, 97, 98, 99, 100, 101]
    Programmed (untouched): 17 rows
    Partial/unclear:       2 rows: [51, 66]

============================================================
SELECTIVE ERASE SUMMARY
============================================================
  ARCHBE: 14 erased, 88 kept, 0 partial
  GRPBE: 21 erased, 75 kept, 6 partial
  GLBBE: 83 erased, 17 kept, 2 partial

  ARCH ∩ GRP:  [97, 101]
  ARCH ∩ GLB:  [3, 4, 5, 6, 95, 96, 97, 98, 99, 100, 101]
  GRP ∩ GLB:   [43, 44, 45, 46, 47, 48, 49, 50, 67, 76, 85, 97, 101]
  ARCH ∪ GRP ∪ GLB = 94 rows (of 102)
  Uncovered rows: [59, 60, 61, 62, 63, 64, 65, 66]

Results saved to re_results/selective_erase.json
